#
# There is insufficient memory for the Java Runtime Environment to continue.
# Native memory allocation (malloc) failed to allocate 1384176 bytes for Chunk::new
# Possible reasons:
#   The system is out of physical RAM or swap space
#   In 32 bit mode, the process size limit was hit
# Possible solutions:
#   Reduce memory load on the system
#   Increase physical memory or swap space
#   Check if swap backing store is full
#   Use 64 bit Java on a 64 bit OS
#   Decrease Java heap size (-Xmx/-Xms)
#   Decrease number of Java threads
#   Decrease Java thread stack sizes (-Xss)
#   Set larger code cache with -XX:ReservedCodeCacheSize=
# This output file may be truncated or incomplete.
#
#  Out of Memory Error (allocation.cpp:390), pid=16460, tid=0x0000000000003538
#
# JRE version: OpenJDK Runtime Environment (8.0_76-b03) (build 1.8.0_76-release-b03)
# Java VM: OpenJDK 64-Bit Server VM (25.76-b03 mixed mode windows-amd64 compressed oops)
# Failed to write core dump. Minidumps are not enabled by default on client versions of Windows
#

---------------  T H R E A D  ---------------

Current thread (0x0000000016649800):  JavaThread "C2 CompilerThread0" daemon [_thread_in_native, id=13624, stack(0x0000000017b80000,0x0000000017c80000)]

Stack: [0x0000000017b80000,0x0000000017c80000]
[error occurred during error reporting (printing stack bounds), id 0xc0000005]

Native frames: (J=compiled Java code, j=interpreted, Vv=VM code, C=native code)


Current CompileTask:
C2:10106632 21326       4       com.android.utils.PositionXmlParser::getPositionHelper (757 bytes)


---------------  P R O C E S S  ---------------

Java Threads: ( => current thread )
  0x000000002188f000 JavaThread "stdout" daemon [_thread_in_native, id=19208, stack(0x00000000366e0000,0x00000000367e0000)]
  0x000000002188e000 JavaThread "stderr" daemon [_thread_in_native, id=14384, stack(0x00000000365e0000,0x00000000366e0000)]
  0x000000002188d800 JavaThread "stdout" daemon [_thread_in_native, id=16452, stack(0x00000000364e0000,0x00000000365e0000)]
  0x000000002187d000 JavaThread "stderr" daemon [_thread_in_native, id=20376, stack(0x00000000363e0000,0x00000000364e0000)]
  0x0000000021880000 JavaThread "stdout" daemon [_thread_in_native, id=20336, stack(0x00000000362e0000,0x00000000363e0000)]
  0x000000002187c000 JavaThread "stderr" daemon [_thread_in_native, id=20472, stack(0x00000000361e0000,0x00000000362e0000)]
  0x000000002187b800 JavaThread "stdout" daemon [_thread_in_native, id=13084, stack(0x00000000360e0000,0x00000000361e0000)]
  0x000000002187f000 JavaThread "stderr" daemon [_thread_in_native, id=15668, stack(0x0000000035fe0000,0x00000000360e0000)]
  0x000000002187a800 JavaThread "stdout" daemon [_thread_in_native, id=15512, stack(0x0000000035ee0000,0x0000000035fe0000)]
  0x000000002187d800 JavaThread "stderr" daemon [_thread_in_native, id=20172, stack(0x0000000035de0000,0x0000000035ee0000)]
  0x0000000021881800 JavaThread "stdout" daemon [_thread_in_native, id=17824, stack(0x0000000035ce0000,0x0000000035de0000)]
  0x0000000021880800 JavaThread "stderr" daemon [_thread_in_native, id=19436, stack(0x0000000035be0000,0x0000000035ce0000)]
  0x000000002187e800 JavaThread "stdout" daemon [_thread_in_native, id=18356, stack(0x0000000035ae0000,0x0000000035be0000)]
  0x0000000021873000 JavaThread "stderr" daemon [_thread_in_native, id=16248, stack(0x00000000359e0000,0x0000000035ae0000)]
  0x000000002187a000 JavaThread "stdout" daemon [_thread_in_native, id=14344, stack(0x00000000358e0000,0x00000000359e0000)]
  0x0000000021872800 JavaThread "stderr" daemon [_thread_in_native, id=16552, stack(0x00000000357e0000,0x00000000358e0000)]
  0x0000000021878800 JavaThread "stdout" daemon [_thread_in_native, id=18580, stack(0x00000000356e0000,0x00000000357e0000)]
  0x0000000021877800 JavaThread "stderr" daemon [_thread_in_native, id=17496, stack(0x00000000355e0000,0x00000000356e0000)]
  0x0000000021879000 JavaThread "stdout" daemon [_thread_in_native, id=14032, stack(0x00000000354e0000,0x00000000355e0000)]
  0x0000000021877000 JavaThread "stderr" daemon [_thread_in_native, id=16132, stack(0x00000000353e0000,0x00000000354e0000)]
  0x0000000021876000 JavaThread "stdout" daemon [_thread_in_native, id=16960, stack(0x00000000352e0000,0x00000000353e0000)]
  0x0000000021875800 JavaThread "stderr" daemon [_thread_in_native, id=11644, stack(0x00000000351e0000,0x00000000352e0000)]
  0x0000000021874800 JavaThread "stdout" daemon [_thread_in_native, id=19372, stack(0x00000000350e0000,0x00000000351e0000)]
  0x0000000021874000 JavaThread "stderr" daemon [_thread_in_native, id=18424, stack(0x0000000034fe0000,0x00000000350e0000)]
  0x000000001b361000 JavaThread "stdout" daemon [_thread_in_native, id=3932, stack(0x0000000034ee0000,0x0000000034fe0000)]
  0x000000001b366800 JavaThread "stderr" daemon [_thread_in_native, id=14504, stack(0x0000000034de0000,0x0000000034ee0000)]
  0x000000001b360000 JavaThread "stdout" daemon [_thread_in_native, id=15156, stack(0x0000000034ce0000,0x0000000034de0000)]
  0x000000001b365800 JavaThread "stderr" daemon [_thread_in_native, id=15760, stack(0x0000000034be0000,0x0000000034ce0000)]
  0x000000001b362800 JavaThread "stdout" daemon [_thread_in_native, id=15676, stack(0x0000000034ae0000,0x0000000034be0000)]
  0x000000001b363800 JavaThread "stderr" daemon [_thread_in_native, id=10244, stack(0x00000000349e0000,0x0000000034ae0000)]
  0x000000001b365000 JavaThread "stdout" daemon [_thread_in_native, id=11924, stack(0x00000000348e0000,0x00000000349e0000)]
  0x000000001b364000 JavaThread "stderr" daemon [_thread_in_native, id=6092, stack(0x00000000347e0000,0x00000000348e0000)]
  0x000000001b362000 JavaThread "png-cruncher_20" daemon [_thread_blocked, id=10312, stack(0x00000000346e0000,0x00000000347e0000)]
  0x000000001b358800 JavaThread "png-cruncher_19" daemon [_thread_blocked, id=15928, stack(0x00000000345e0000,0x00000000346e0000)]
  0x000000001b35b800 JavaThread "png-cruncher_18" daemon [_thread_blocked, id=2660, stack(0x00000000344e0000,0x00000000345e0000)]
  0x000000001b35e800 JavaThread "png-cruncher_17" daemon [_thread_blocked, id=15852, stack(0x00000000343e0000,0x00000000344e0000)]
  0x000000001b35a000 JavaThread "png-cruncher_16" daemon [_thread_blocked, id=14824, stack(0x00000000342e0000,0x00000000343e0000)]
  0x000000001b35f800 JavaThread "png-cruncher_15" daemon [_thread_blocked, id=14944, stack(0x00000000341e0000,0x00000000342e0000)]
  0x000000001b357000 JavaThread "png-cruncher_14" daemon [_thread_blocked, id=15044, stack(0x00000000340e0000,0x00000000341e0000)]
  0x000000001b35e000 JavaThread "png-cruncher_13" daemon [_thread_blocked, id=18556, stack(0x0000000033fe0000,0x00000000340e0000)]
  0x000000001b35b000 JavaThread "png-cruncher_12" daemon [_thread_blocked, id=14012, stack(0x0000000033ee0000,0x0000000033fe0000)]
  0x000000001b35c800 JavaThread "png-cruncher_11" daemon [_thread_blocked, id=18248, stack(0x0000000033de0000,0x0000000033ee0000)]
  0x000000001b35d000 JavaThread "png-cruncher_10" daemon [_thread_blocked, id=2808, stack(0x0000000033ce0000,0x0000000033de0000)]
  0x000000001b358000 JavaThread "png-cruncher_9" daemon [_thread_blocked, id=16576, stack(0x0000000033be0000,0x0000000033ce0000)]
  0x000000001b359800 JavaThread "png-cruncher_8" daemon [_thread_blocked, id=11592, stack(0x0000000033ae0000,0x0000000033be0000)]
  0x000000001b971000 JavaThread "png-cruncher_7" daemon [_thread_blocked, id=18316, stack(0x00000000339e0000,0x0000000033ae0000)]
  0x000000001b970000 JavaThread "png-cruncher_6" daemon [_thread_blocked, id=16744, stack(0x00000000338e0000,0x00000000339e0000)]
  0x000000001b96e800 JavaThread "png-cruncher_5" daemon [_thread_blocked, id=14368, stack(0x00000000337e0000,0x00000000338e0000)]
  0x000000001b973000 JavaThread "png-cruncher_4" daemon [_thread_blocked, id=16296, stack(0x00000000336e0000,0x00000000337e0000)]
  0x000000001c56b800 JavaThread "png-cruncher_3" daemon [_thread_blocked, id=20148, stack(0x00000000335e0000,0x00000000336e0000)]
  0x000000001c567800 JavaThread "png-cruncher_2" daemon [_thread_in_native, id=18836, stack(0x00000000334e0000,0x00000000335e0000)]
  0x000000001c56a800 JavaThread "png-cruncher_1" daemon [_thread_blocked, id=4688, stack(0x00000000333e0000,0x00000000334e0000)]
  0x000000001c566000 JavaThread "pool-98-thread-4" [_thread_blocked, id=4960, stack(0x00000000332e0000,0x00000000333e0000)]
  0x000000001c56a000 JavaThread "pool-98-thread-3" [_thread_blocked, id=15424, stack(0x00000000331e0000,0x00000000332e0000)]
  0x000000001c9ac000 JavaThread "pool-98-thread-2" [_thread_blocked, id=5852, stack(0x00000000330e0000,0x00000000331e0000)]
  0x000000001c9ab000 JavaThread "pool-98-thread-1" [_thread_blocked, id=17144, stack(0x0000000032fe0000,0x00000000330e0000)]
  0x000000001c9a7800 JavaThread "Stdin handler" [_thread_blocked, id=15712, stack(0x0000000032ee0000,0x0000000032fe0000)]
  0x000000001c9a9000 JavaThread "Asynchronous log dispatcher for org.gradle.launcher.daemon.server.DefaultDaemonConnection@122bdb4e" [_thread_blocked, id=17752, stack(0x0000000032de0000,0x0000000032ee0000)]
  0x000000001c99f000 JavaThread "Cancel handler" [_thread_blocked, id=13828, stack(0x0000000032ce0000,0x0000000032de0000)]
  0x000000001c9a1800 JavaThread "Handler for socket connection from /127.0.0.1:12314 to /127.0.0.1:24110" [_thread_in_native, id=13204, stack(0x0000000032be0000,0x0000000032ce0000)]
  0x000000001b96f800 JavaThread "Daemon worker Thread 13" [_thread_blocked, id=19188, stack(0x00000000328e0000,0x00000000329e0000)]
  0x000000001b972800 JavaThread "Daemon Thread 13" [_thread_blocked, id=12904, stack(0x00000000325e0000,0x00000000326e0000)]
  0x000000001b96e000 JavaThread "pool-5-thread-4" [_thread_blocked, id=19440, stack(0x0000000022be0000,0x0000000022ce0000)]
  0x000000001b96d000 JavaThread "pool-5-thread-3" [_thread_blocked, id=3052, stack(0x0000000022ae0000,0x0000000022be0000)]
  0x000000001b96c800 JavaThread "pool-5-thread-2" [_thread_blocked, id=19332, stack(0x00000000229e0000,0x0000000022ae0000)]
  0x000000001c564800 JavaThread "pool-5-thread-1" [_thread_blocked, id=9600, stack(0x00000000228e0000,0x00000000229e0000)]
  0x000000001881a800 JavaThread "File lock request listener" [_thread_in_native, id=18972, stack(0x000000001bd00000,0x000000001be00000)]
  0x0000000018fa3800 JavaThread "pool-1-thread-1" [_thread_blocked, id=15428, stack(0x000000001a030000,0x000000001a130000)]
  0x0000000017ec9000 JavaThread "Incoming local TCP Connector on port 12314" [_thread_in_native, id=5080, stack(0x0000000019d30000,0x0000000019e30000)]
  0x0000000017cf7800 JavaThread "Service Thread" daemon [_thread_blocked, id=16756, stack(0x0000000018280000,0x0000000018380000)]
  0x0000000017cda000 JavaThread "C1 CompilerThread2" daemon [_thread_blocked, id=3044, stack(0x0000000018180000,0x0000000018280000)]
  0x0000000017c80800 JavaThread "C2 CompilerThread1" daemon [_thread_blocked, id=18984, stack(0x0000000018080000,0x0000000018180000)]
=>0x0000000016649800 JavaThread "C2 CompilerThread0" daemon [_thread_in_native, id=13624, stack(0x0000000017b80000,0x0000000017c80000)]
  0x0000000016647800 JavaThread "Attach Listener" daemon [_thread_blocked, id=15800, stack(0x0000000017a80000,0x0000000017b80000)]
  0x00000000165fb800 JavaThread "Signal Dispatcher" daemon [_thread_blocked, id=16540, stack(0x0000000017980000,0x0000000017a80000)]
  0x00000000165d8000 JavaThread "Finalizer" daemon [_thread_blocked, id=17808, stack(0x0000000017880000,0x0000000017980000)]
  0x00000000165b7000 JavaThread "Reference Handler" daemon [_thread_blocked, id=2600, stack(0x0000000017780000,0x0000000017880000)]
  0x0000000002b80800 JavaThread "main" [_thread_blocked, id=12428, stack(0x0000000002a80000,0x0000000002b80000)]

Other Threads:
  0x00000000165b5800 VMThread [stack: 0x0000000017680000,0x0000000017780000] [id=17920]
  0x0000000017cf9000 WatcherThread [stack: 0x0000000018380000,0x0000000018480000] [id=11312]

VM state:not at safepoint (normal execution)

VM Mutex/Monitor currently owned by a thread: None

Heap:
 PSYoungGen      total 431616K, used 230934K [0x00000000e0000000, 0x0000000100000000, 0x0000000100000000)
  eden space 342016K, 67% used [0x00000000e0000000,0x00000000ee185b00,0x00000000f4e00000)
  from space 89600K, 0% used [0x00000000f4e00000,0x00000000f4e00000,0x00000000fa580000)
  to   space 86016K, 0% used [0x00000000fac00000,0x00000000fac00000,0x0000000100000000)
 ParOldGen       total 194560K, used 50326K [0x00000000a0000000, 0x00000000abe00000, 0x00000000e0000000)
  object space 194560K, 25% used [0x00000000a0000000,0x00000000a31259c8,0x00000000abe00000)
 Metaspace       used 75369K, capacity 79506K, committed 79664K, reserved 1118208K
  class space    used 9508K, capacity 10179K, committed 10288K, reserved 1048576K

Card table byte_map: [0x0000000012040000,0x0000000012350000] byte_map_base: 0x0000000011b40000

Marking Bits: (ParMarkBitMap*) 0x0000000065e89d00
 Begin Bits: [0x0000000012950000, 0x0000000014150000)
 End Bits:   [0x0000000014150000, 0x0000000015950000)

Polling page: 0x0000000000eb0000

CodeCache: size=245760Kb used=58643Kb max_used=58643Kb free=187116Kb
 bounds [0x0000000002c80000, 0x0000000006620000, 0x0000000011c80000]
 total_blobs=16862 nmethods=16084 adapters=690
 compilation: enabled

Compilation events (10 events):
Event: 10102.103 Thread 0x0000000017cda000 21389       3       java.util.concurrent.ConcurrentLinkedDeque::linkLast (110 bytes)
Event: 10102.105 Thread 0x0000000017cda000 nmethod 21389 0x000000000661a390 code [0x000000000661a560, 0x000000000661aea8]
Event: 10102.106 Thread 0x0000000017cda000 21390       3       java.util.concurrent.ConcurrentLinkedDeque::checkNotNull (13 bytes)
Event: 10102.107 Thread 0x0000000017cda000 nmethod 21390 0x000000000661b2d0 code [0x000000000661b440, 0x000000000661b668]
Event: 10102.107 Thread 0x0000000017cda000 21391       3       java.util.concurrent.ConcurrentLinkedDeque$Node::lazySetPrev (12 bytes)
Event: 10102.107 Thread 0x0000000017cda000 nmethod 21391 0x000000000661b750 code [0x000000000661b8a0, 0x000000000661ba10]
Event: 10102.108 Thread 0x0000000017cda000 21392       3       java.util.concurrent.ConcurrentLinkedDeque$Node::casNext (13 bytes)
Event: 10102.108 Thread 0x0000000017cda000 nmethod 21392 0x000000000661ba90 code [0x000000000661bbe0, 0x000000000661bd70]
Event: 10105.628 Thread 0x0000000017cda000 21393  s!   3       java.lang.Thread::start (71 bytes)
Event: 10105.630 Thread 0x0000000017cda000 nmethod 21393 0x000000000661bdd0 code [0x000000000661bfa0, 0x000000000661c698]

GC Heap History (10 events):
Event: 9147.564 GC heap before
{Heap before GC invocations=48 (full 15):
 PSYoungGen      total 419840K, used 315558K [0x00000000e0000000, 0x0000000100000000, 0x0000000100000000)
  eden space 343040K, 70% used [0x00000000e0000000,0x00000000eedaf588,0x00000000f4f00000)
  from space 76800K, 93% used [0x00000000fb500000,0x00000000ffb7a4c0,0x0000000100000000)
  to   space 90624K, 0% used [0x00000000f4f00000,0x00000000f4f00000,0x00000000fa780000)
 ParOldGen       total 194560K, used 65085K [0x00000000a0000000, 0x00000000abe00000, 0x00000000e0000000)
  object space 194560K, 33% used [0x00000000a0000000,0x00000000a3f8f6b8,0x00000000abe00000)
 Metaspace       used 69800K, capacity 72388K, committed 73776K, reserved 1114112K
  class space    used 8706K, capacity 9115K, committed 9520K, reserved 1048576K
Event: 9147.835 GC heap after
Heap after GC invocations=48 (full 15):
 PSYoungGen      total 394240K, used 50817K [0x00000000e0000000, 0x0000000100000000, 0x0000000100000000)
  eden space 343040K, 0% used [0x00000000e0000000,0x00000000e0000000,0x00000000f4f00000)
  from space 51200K, 99% used [0x00000000f4f00000,0x00000000f80a0468,0x00000000f8100000)
  to   space 92672K, 0% used [0x00000000fa580000,0x00000000fa580000,0x0000000100000000)
 ParOldGen       total 194560K, used 65085K [0x00000000a0000000, 0x00000000abe00000, 0x00000000e0000000)
  object space 194560K, 33% used [0x00000000a0000000,0x00000000a3f8f6b8,0x00000000abe00000)
 Metaspace       used 69800K, capacity 72388K, committed 73776K, reserved 1114112K
  class space    used 8706K, capacity 9115K, committed 9520K, reserved 1048576K
}
Event: 9147.847 GC heap before
{Heap before GC invocations=49 (full 16):
 PSYoungGen      total 394240K, used 50817K [0x00000000e0000000, 0x0000000100000000, 0x0000000100000000)
  eden space 343040K, 0% used [0x00000000e0000000,0x00000000e0000000,0x00000000f4f00000)
  from space 51200K, 99% used [0x00000000f4f00000,0x00000000f80a0468,0x00000000f8100000)
  to   space 92672K, 0% used [0x00000000fa580000,0x00000000fa580000,0x0000000100000000)
 ParOldGen       total 194560K, used 65085K [0x00000000a0000000, 0x00000000abe00000, 0x00000000e0000000)
  object space 194560K, 33% used [0x00000000a0000000,0x00000000a3f8f6b8,0x00000000abe00000)
 Metaspace       used 69800K, capacity 72388K, committed 73776K, reserved 1114112K
  class space    used 8706K, capacity 9115K, committed 9520K, reserved 1048576K
Event: 9149.706 GC heap after
Heap after GC invocations=49 (full 16):
 PSYoungGen      total 394240K, used 0K [0x00000000e0000000, 0x0000000100000000, 0x0000000100000000)
  eden space 343040K, 0% used [0x00000000e0000000,0x00000000e0000000,0x00000000f4f00000)
  from space 51200K, 0% used [0x00000000f4f00000,0x00000000f4f00000,0x00000000f8100000)
  to   space 92672K, 0% used [0x00000000fa580000,0x00000000fa580000,0x0000000100000000)
 ParOldGen       total 194560K, used 41600K [0x00000000a0000000, 0x00000000abe00000, 0x00000000e0000000)
  object space 194560K, 21% used [0x00000000a0000000,0x00000000a28a0188,0x00000000abe00000)
 Metaspace       used 69794K, capacity 72370K, committed 73776K, reserved 1114112K
  class space    used 8704K, capacity 9112K, committed 9520K, reserved 1048576K
}
Event: 10056.726 GC heap before
{Heap before GC invocations=50 (full 16):
 PSYoungGen      total 394240K, used 343040K [0x00000000e0000000, 0x0000000100000000, 0x0000000100000000)
  eden space 343040K, 100% used [0x00000000e0000000,0x00000000f4f00000,0x00000000f4f00000)
  from space 51200K, 0% used [0x00000000f4f00000,0x00000000f4f00000,0x00000000f8100000)
  to   space 92672K, 0% used [0x00000000fa580000,0x00000000fa580000,0x0000000100000000)
 ParOldGen       total 194560K, used 41600K [0x00000000a0000000, 0x00000000abe00000, 0x00000000e0000000)
  object space 194560K, 21% used [0x00000000a0000000,0x00000000a28a0188,0x00000000abe00000)
 Metaspace       used 73411K, capacity 76570K, committed 77360K, reserved 1116160K
  class space    used 9156K, capacity 9632K, committed 9776K, reserved 1048576K
Event: 10057.089 GC heap after
Heap after GC invocations=50 (full 16):
 PSYoungGen      total 434688K, used 13720K [0x00000000e0000000, 0x0000000100000000, 0x0000000100000000)
  eden space 342016K, 0% used [0x00000000e0000000,0x00000000e0000000,0x00000000f4e00000)
  from space 92672K, 14% used [0x00000000fa580000,0x00000000fb2e6178,0x0000000100000000)
  to   space 89600K, 0% used [0x00000000f4e00000,0x00000000f4e00000,0x00000000fa580000)
 ParOldGen       total 194560K, used 41608K [0x00000000a0000000, 0x00000000abe00000, 0x00000000e0000000)
  object space 194560K, 21% used [0x00000000a0000000,0x00000000a28a2188,0x00000000abe00000)
 Metaspace       used 73411K, capacity 76570K, committed 77360K, reserved 1116160K
  class space    used 9156K, capacity 9632K, committed 9776K, reserved 1048576K
}
Event: 10060.421 GC heap before
{Heap before GC invocations=51 (full 16):
 PSYoungGen      total 434688K, used 64698K [0x00000000e0000000, 0x0000000100000000, 0x0000000100000000)
  eden space 342016K, 14% used [0x00000000e0000000,0x00000000e31c8930,0x00000000f4e00000)
  from space 92672K, 14% used [0x00000000fa580000,0x00000000fb2e6178,0x0000000100000000)
  to   space 89600K, 0% used [0x00000000f4e00000,0x00000000f4e00000,0x00000000fa580000)
 ParOldGen       total 194560K, used 41608K [0x00000000a0000000, 0x00000000abe00000, 0x00000000e0000000)
  object space 194560K, 21% used [0x00000000a0000000,0x00000000a28a2188,0x00000000abe00000)
 Metaspace       used 74553K, capacity 78126K, committed 78384K, reserved 1118208K
  class space    used 9392K, capacity 9997K, committed 10032K, reserved 1048576K
Event: 10060.586 GC heap after
Heap after GC invocations=51 (full 16):
 PSYoungGen      total 431616K, used 14249K [0x00000000e0000000, 0x0000000100000000, 0x0000000100000000)
  eden space 342016K, 0% used [0x00000000e0000000,0x00000000e0000000,0x00000000f4e00000)
  from space 89600K, 15% used [0x00000000f4e00000,0x00000000f5bea750,0x00000000fa580000)
  to   space 86016K, 0% used [0x00000000fac00000,0x00000000fac00000,0x0000000100000000)
 ParOldGen       total 194560K, used 41616K [0x00000000a0000000, 0x00000000abe00000, 0x00000000e0000000)
  object space 194560K, 21% used [0x00000000a0000000,0x00000000a28a4188,0x00000000abe00000)
 Metaspace       used 74553K, capacity 78126K, committed 78384K, reserved 1118208K
  class space    used 9392K, capacity 9997K, committed 10032K, reserved 1048576K
}
Event: 10060.682 GC heap before
{Heap before GC invocations=52 (full 17):
 PSYoungGen      total 431616K, used 14249K [0x00000000e0000000, 0x0000000100000000, 0x0000000100000000)
  eden space 342016K, 0% used [0x00000000e0000000,0x00000000e0000000,0x00000000f4e00000)
  from space 89600K, 15% used [0x00000000f4e00000,0x00000000f5bea750,0x00000000fa580000)
  to   space 86016K, 0% used [0x00000000fac00000,0x00000000fac00000,0x0000000100000000)
 ParOldGen       total 194560K, used 41616K [0x00000000a0000000, 0x00000000abe00000, 0x00000000e0000000)
  object space 194560K, 21% used [0x00000000a0000000,0x00000000a28a4188,0x00000000abe00000)
 Metaspace       used 74553K, capacity 78126K, committed 78384K, reserved 1118208K
  class space    used 9392K, capacity 9997K, committed 10032K, reserved 1048576K
Event: 10062.746 GC heap after
Heap after GC invocations=52 (full 17):
 PSYoungGen      total 431616K, used 0K [0x00000000e0000000, 0x0000000100000000, 0x0000000100000000)
  eden space 342016K, 0% used [0x00000000e0000000,0x00000000e0000000,0x00000000f4e00000)
  from space 89600K, 0% used [0x00000000f4e00000,0x00000000f4e00000,0x00000000fa580000)
  to   space 86016K, 0% used [0x00000000fac00000,0x00000000fac00000,0x0000000100000000)
 ParOldGen       total 194560K, used 50326K [0x00000000a0000000, 0x00000000abe00000, 0x00000000e0000000)
  object space 194560K, 25% used [0x00000000a0000000,0x00000000a31259c8,0x00000000abe00000)
 Metaspace       used 74527K, capacity 78038K, committed 78384K, reserved 1118208K
  class space    used 9384K, capacity 9989K, committed 10032K, reserved 1048576K
}

Deoptimization events (10 events):
Event: 10096.363 Thread 0x000000001b96f800 Uncommon trap: reason=class_check action=maybe_recompile pc=0x0000000004b5c4b4 method=com.android.ide.common.res2.ValueResourceParser2.getType(Lorg/w3c/dom/Node;Ljava/io/File;)Lcom/android/resources/ResourceType; @ 19
Event: 10096.364 Thread 0x000000001b96f800 Uncommon trap: reason=class_check action=maybe_recompile pc=0x0000000004b5c4b4 method=com.android.ide.common.res2.ValueResourceParser2.getType(Lorg/w3c/dom/Node;Ljava/io/File;)Lcom/android/resources/ResourceType; @ 19
Event: 10096.364 Thread 0x000000001b96f800 Uncommon trap: reason=class_check action=maybe_recompile pc=0x0000000005151578 method=com.android.ide.common.res2.ValueResourceParser2.getType(Lorg/w3c/dom/Node;Ljava/io/File;)Lcom/android/resources/ResourceType; @ 19
Event: 10096.387 Thread 0x000000001b96f800 Uncommon trap: reason=unstable_if action=reinterpret pc=0x00000000054444c4 method=com.sun.org.apache.xerces.internal.impl.XMLEntityScanner.scanQName(Lcom/sun/org/apache/xerces/internal/xni/QName;)Z @ 69
Event: 10097.968 Thread 0x000000001b96f800 Uncommon trap: reason=unstable_if action=reinterpret pc=0x00000000065522e4 method=com.android.utils.PositionXmlParser$DomBuilder.findOpeningTag(Lcom/android/utils/PositionXmlParser$Position;)Lcom/android/utils/PositionXmlParser$Position; @ 81
Event: 10098.002 Thread 0x000000001b96f800 Uncommon trap: reason=bimorphic action=maybe_recompile pc=0x00000000054bcafc method=com.sun.org.apache.xerces.internal.impl.XMLEntityScanner.load(IZZ)Z @ 81
Event: 10098.193 Thread 0x000000001b96f800 Uncommon trap: reason=class_check action=maybe_recompile pc=0x00000000054a6528 method=com.sun.org.apache.xerces.internal.dom.ElementImpl.getAttributes()Lorg/w3c/dom/NamedNodeMap; @ 8
Event: 10098.198 Thread 0x000000001b96f800 Uncommon trap: reason=class_check action=maybe_recompile pc=0x00000000054a6528 method=com.sun.org.apache.xerces.internal.dom.ElementImpl.getAttributes()Lorg/w3c/dom/NamedNodeMap; @ 8
Event: 10098.199 Thread 0x000000001b96f800 Uncommon trap: reason=class_check action=maybe_recompile pc=0x00000000054a6528 method=com.sun.org.apache.xerces.internal.dom.ElementImpl.getAttributes()Lorg/w3c/dom/NamedNodeMap; @ 8
Event: 10098.200 Thread 0x000000001b96f800 Uncommon trap: reason=class_check action=maybe_recompile pc=0x00000000054a6528 method=com.sun.org.apache.xerces.internal.dom.ElementImpl.getAttributes()Lorg/w3c/dom/NamedNodeMap; @ 8

Internal exceptions (10 events):
Event: 10082.463 Thread 0x000000001b96f800 Exception <a 'sun/nio/fs/WindowsException'> (0x00000000e4d00870) thrown at [C:\src\android\AOSP-openjdk\external\jetbrains\jdk\hotspot\src\share\vm\prims\jni.cpp, line 709]
Event: 10082.464 Thread 0x000000001b96f800 Exception <a 'sun/nio/fs/WindowsException'> (0x00000000e4d02380) thrown at [C:\src\android\AOSP-openjdk\external\jetbrains\jdk\hotspot\src\share\vm\prims\jni.cpp, line 709]
Event: 10082.464 Thread 0x000000001b96f800 Exception <a 'sun/nio/fs/WindowsException'> (0x00000000e4d02e98) thrown at [C:\src\android\AOSP-openjdk\external\jetbrains\jdk\hotspot\src\share\vm\prims\jni.cpp, line 709]
Event: 10082.465 Thread 0x000000001b96f800 Exception <a 'sun/nio/fs/WindowsException'> (0x00000000e4d05458) thrown at [C:\src\android\AOSP-openjdk\external\jetbrains\jdk\hotspot\src\share\vm\prims\jni.cpp, line 709]
Event: 10082.466 Thread 0x000000001b96f800 Exception <a 'sun/nio/fs/WindowsException'> (0x00000000e4d05fb0) thrown at [C:\src\android\AOSP-openjdk\external\jetbrains\jdk\hotspot\src\share\vm\prims\jni.cpp, line 709]
Event: 10082.467 Thread 0x000000001b96f800 Exception <a 'sun/nio/fs/WindowsException'> (0x00000000e4d07b38) thrown at [C:\src\android\AOSP-openjdk\external\jetbrains\jdk\hotspot\src\share\vm\prims\jni.cpp, line 709]
Event: 10082.467 Thread 0x000000001b96f800 Exception <a 'sun/nio/fs/WindowsException'> (0x00000000e4d086c8) thrown at [C:\src\android\AOSP-openjdk\external\jetbrains\jdk\hotspot\src\share\vm\prims\jni.cpp, line 709]
Event: 10086.269 Thread 0x000000001b96f800 Exception <a 'java/lang/ClassNotFoundException': com/android/build/gradle/internal/LibraryCache$1BeanInfo> (0x00000000e65526d0) thrown at [C:\src\android\AOSP-openjdk\external\jetbrains\jdk\hotspot\src\share\vm\classfile\systemDictionary.cpp, line 210]
Event: 10086.270 Thread 0x000000001b96f800 Exception <a 'java/lang/ClassNotFoundException': com/android/build/gradle/internal/LibraryCache$1Customizer> (0x00000000e6562f68) thrown at [C:\src\android\AOSP-openjdk\external\jetbrains\jdk\hotspot\src\share\vm\classfile\systemDictionary.cpp, line 210]
Event: 10096.350 Thread 0x000000001b96f800 Implicit null exception at 0x000000000572c678 to 0x000000000572cd11

Events (10 events):
Event: 10105.630 Thread 0x0000000021880800 Thread added: 0x0000000021880800
Event: 10105.630 Thread 0x0000000021881800 Thread added: 0x0000000021881800
Event: 10105.631 Thread 0x000000002187d800 Thread added: 0x000000002187d800
Event: 10105.631 Thread 0x000000002187a800 Thread added: 0x000000002187a800
Event: 10105.631 Thread 0x000000002187f000 Thread added: 0x000000002187f000
Event: 10105.631 Thread 0x000000002187b800 Thread added: 0x000000002187b800
Event: 10105.632 Thread 0x000000002187c000 Thread added: 0x000000002187c000
Event: 10105.632 Thread 0x0000000021880000 Thread added: 0x0000000021880000
Event: 10105.632 Thread 0x000000002187d000 Thread added: 0x000000002187d000
Event: 10105.632 Thread 0x000000002188d800 Thread added: 0x000000002188d800


Dynamic libraries:
0x00007ff6d4f40000 - 0x00007ff6d4f71000 	D:\Android\Android Sutdio\jre\bin\java.exe
0x00007fff89ed0000 - 0x00007fff8a0a1000 	C:\WINDOWS\SYSTEM32\ntdll.dll
0x00007fff886e0000 - 0x00007fff8878b000 	C:\WINDOWS\System32\KERNEL32.DLL
0x00007fff86860000 - 0x00007fff86a7d000 	C:\WINDOWS\System32\KERNELBASE.dll
0x00007fff88300000 - 0x00007fff883a2000 	C:\WINDOWS\System32\ADVAPI32.dll
0x00007fff87920000 - 0x00007fff879be000 	C:\WINDOWS\System32\msvcrt.dll
0x00007fff883b0000 - 0x00007fff88409000 	C:\WINDOWS\System32\sechost.dll
0x00007fff88010000 - 0x00007fff88131000 	C:\WINDOWS\System32\RPCRT4.dll
0x00007fff88800000 - 0x00007fff88965000 	C:\WINDOWS\System32\USER32.dll
0x00007fff86570000 - 0x00007fff8658e000 	C:\WINDOWS\System32\win32u.dll
0x00007fff88970000 - 0x00007fff889a4000 	C:\WINDOWS\System32\GDI32.dll
0x00007fff87280000 - 0x00007fff87402000 	C:\WINDOWS\System32\gdi32full.dll
0x00007fff7c6c0000 - 0x00007fff7c939000 	C:\WINDOWS\WinSxS\amd64_microsoft.windows.common-controls_6595b64144ccf1df_6.0.14393.447_none_42191651c6827bb3\COMCTL32.dll
0x00007fff88410000 - 0x00007fff886d8000 	C:\WINDOWS\System32\combase.dll
0x00007fff863c0000 - 0x00007fff864b5000 	C:\WINDOWS\System32\ucrtbase.dll
0x00007fff87210000 - 0x00007fff8727a000 	C:\WINDOWS\System32\bcryptPrimitives.dll
0x00007fff87460000 - 0x00007fff8748e000 	C:\WINDOWS\System32\IMM32.DLL
0x0000000065120000 - 0x00000000651f2000 	D:\Android\Android Sutdio\jre\jre\bin\msvcr100.dll
0x00000000656d0000 - 0x0000000065f04000 	D:\Android\Android Sutdio\jre\jre\bin\server\jvm.dll
0x00007fff88790000 - 0x00007fff88798000 	C:\WINDOWS\System32\PSAPI.DLL
0x00007fff7d900000 - 0x00007fff7d909000 	C:\WINDOWS\SYSTEM32\WSOCK32.dll
0x00007fff84790000 - 0x00007fff847b3000 	C:\WINDOWS\SYSTEM32\WINMM.dll
0x00007fff82b40000 - 0x00007fff82b4a000 	C:\WINDOWS\SYSTEM32\VERSION.dll
0x00007fff87e00000 - 0x00007fff87e6a000 	C:\WINDOWS\System32\WS2_32.dll
0x00000000025f0000 - 0x000000000261b000 	C:\WINDOWS\SYSTEM32\WINMMBASE.dll
0x00007fff87410000 - 0x00007fff87452000 	C:\WINDOWS\System32\cfgmgr32.dll
0x00007fff7d890000 - 0x00007fff7d89f000 	D:\Android\Android Sutdio\jre\jre\bin\verify.dll
0x00007fff7cdd0000 - 0x00007fff7cdf9000 	D:\Android\Android Sutdio\jre\jre\bin\java.dll
0x00007fff7d460000 - 0x00007fff7d476000 	D:\Android\Android Sutdio\jre\jre\bin\zip.dll
0x00007fff889b0000 - 0x00007fff89eb9000 	C:\WINDOWS\System32\SHELL32.dll
0x00007fff86b30000 - 0x00007fff8720a000 	C:\WINDOWS\System32\windows.storage.dll
0x00007fff86330000 - 0x00007fff8637c000 	C:\WINDOWS\System32\powrprof.dll
0x00007fff878c0000 - 0x00007fff87912000 	C:\WINDOWS\System32\shlwapi.dll
0x00007fff863a0000 - 0x00007fff863af000 	C:\WINDOWS\System32\kernel.appcore.dll
0x00007fff86a80000 - 0x00007fff86b29000 	C:\WINDOWS\System32\shcore.dll
0x00007fff86380000 - 0x00007fff86394000 	C:\WINDOWS\System32\profapi.dll
0x00007fff7ce50000 - 0x00007fff7ce6a000 	D:\Android\Android Sutdio\jre\jre\bin\net.dll
0x00007fff85bd0000 - 0x00007fff85c2c000 	C:\WINDOWS\system32\mswsock.dll
0x00007fff7cac0000 - 0x00007fff7cad1000 	D:\Android\Android Sutdio\jre\jre\bin\nio.dll
0x00007fff7b220000 - 0x00007fff7b232000 	C:\Users\º™ƒæ“◊ùç\.gradle\native\19\windows-amd64\native-platform.dll
0x00007fff85d70000 - 0x00007fff85d87000 	C:\WINDOWS\SYSTEM32\CRYPTSP.dll
0x00007fff857e0000 - 0x00007fff85813000 	C:\WINDOWS\system32\rsaenh.dll
0x00007fff86270000 - 0x00007fff8629b000 	C:\WINDOWS\SYSTEM32\bcrypt.dll
0x00007fff85a50000 - 0x00007fff85a6f000 	C:\WINDOWS\SYSTEM32\USERENV.dll
0x00007fff85d90000 - 0x00007fff85d9b000 	C:\WINDOWS\SYSTEM32\CRYPTBASE.dll
0x00007fff85960000 - 0x00007fff85998000 	C:\WINDOWS\SYSTEM32\IPHLPAPI.DLL
0x00007fff89ec0000 - 0x00007fff89ec8000 	C:\WINDOWS\System32\NSI.dll
0x00007fff7ed90000 - 0x00007fff7eda6000 	C:\WINDOWS\SYSTEM32\dhcpcsvc6.DLL
0x00007fff7ed70000 - 0x00007fff7ed8a000 	C:\WINDOWS\SYSTEM32\dhcpcsvc.DLL
0x00007fff846f0000 - 0x00007fff846fd000 	D:\Android\Android Sutdio\jre\jre\bin\management.dll

VM Arguments:
jvm_args: -Xmx1536m -Dfile.encoding=GBK -Duser.country=CN -Duser.language=zh -Duser.variant 
java_command: org.gradle.launcher.daemon.bootstrap.GradleDaemon 2.14.1
java_class_path (initial): D:\Android\Android Sutdio\gradle\gradle-2.14.1\lib\gradle-launcher-2.14.1.jar
Launcher Type: SUN_STANDARD

Environment Variables:
JAVA_HOME=C:\Program Files (x86)\Java\jdk1.8.0_73
JRE_HOME=C:\Program Files (x86)\Java\jre1.8.0_73
CLASSPATH=C:\Program Files (x86)\Java\jdk1.8.0_73\lib\dt.jar;C:\Program Files (x86)\Java\jdk1.8.0_73\lib\tools.jar;
PATH=C:\Program Files (x86)\Java\jdk1.8.0_73\bin;C:\WINDOWS\system32\config\systemprofile\AppData\Local\Microsoft\WindowsApps;D:\Git\bin;C:\Program Files (x86)\Java\jdk1.8.0_73\jre\bin;C:\Users\º™ƒæ“◊ùç\AppData\Local\Microsoft\WindowsApps;
USERNAME=º™ƒæ“◊ùç
OS=Windows_NT
PROCESSOR_IDENTIFIER=AMD64 Family 22 Model 48 Stepping 1, AuthenticAMD



---------------  S Y S T E M  ---------------

OS: Windows 10.0 , 64 bit Build 14393 (10.0.14393.0)

CPU:total 4 (4 cores per cpu, 1 threads per core) family 22 model 48 stepping 1, cmov, cx8, fxsr, mmx, sse, sse2, sse3, ssse3, sse4.1, sse4.2, popcnt, avx, aes, clmul, mmxext, 3dnowpref, lzcnt, sse4a, tsc, tscinvbit, tscinv, bmi1

Memory: 4k page, physical 3629324k(225784k free), swap 6738188k(12k free)

vm_info: OpenJDK 64-Bit Server VM (25.76-b03) for windows-amd64 JRE (1.8.0_76-release-b03), built on Jun 29 2016 19:09:20 by "ralucas" with MS VC++ 10.0 (VS2010)

time: Mon Mar 27 15:26:42 2017
elapsed time: 10106 seconds (0d 2h 48m 26s)

