#
# There is insufficient memory for the Java Runtime Environment to continue.
# Native memory allocation (malloc) failed to allocate 921696 bytes for Chunk::new
# Possible reasons:
#   The system is out of physical RAM or swap space
#   In 32 bit mode, the process size limit was hit
# Possible solutions:
#   Reduce memory load on the system
#   Increase physical memory or swap space
#   Check if swap backing store is full
#   Use 64 bit Java on a 64 bit OS
#   Decrease Java heap size (-Xmx/-Xms)
#   Decrease number of Java threads
#   Decrease Java thread stack sizes (-Xss)
#   Set larger code cache with -XX:ReservedCodeCacheSize=
# This output file may be truncated or incomplete.
#
#  Out of Memory Error (allocation.cpp:390), pid=11972, tid=0x00000000000023a0
#
# JRE version: OpenJDK Runtime Environment (8.0_76-b03) (build 1.8.0_76-release-b03)
# Java VM: OpenJDK 64-Bit Server VM (25.76-b03 mixed mode windows-amd64 compressed oops)
# Failed to write core dump. Minidumps are not enabled by default on client versions of Windows
#

---------------  T H R E A D  ---------------

Current thread (0x0000000016518800):  JavaThread "C2 CompilerThread0" daemon [_thread_in_native, id=9120, stack(0x0000000017a10000,0x0000000017b10000)]

Stack: [0x0000000017a10000,0x0000000017b10000]
[error occurred during error reporting (printing stack bounds), id 0xc0000005]

Native frames: (J=compiled Java code, j=interpreted, Vv=VM code, C=native code)


Current CompileTask:
C2:3313355 17804       4       com.android.dx.ssa.ConstCollector::getConstsSortedByCountUse (337 bytes)


---------------  P R O C E S S  ---------------

Java Threads: ( => current thread )
  0x000000001bd6f000 JavaThread "pool-33-thread-4" [_thread_blocked, id=7980, stack(0x0000000031780000,0x0000000031880000)]
  0x000000001bd66800 JavaThread "pool-33-thread-3" [_thread_blocked, id=11696, stack(0x0000000031680000,0x0000000031780000)]
  0x000000001bd6a800 JavaThread "pool-33-thread-2" [_thread_blocked, id=11212, stack(0x0000000031580000,0x0000000031680000)]
  0x000000001bd64800 JavaThread "pool-34-thread-1" [_thread_blocked, id=5644, stack(0x0000000031480000,0x0000000031580000)]
  0x000000001bd6b000 JavaThread "pool-33-thread-1" [_thread_blocked, id=9036, stack(0x0000000031380000,0x0000000031480000)]
  0x000000001bd67800 JavaThread "pool-29-thread-4" [_thread_in_Java, id=11900, stack(0x0000000030d80000,0x0000000030e80000)]
  0x000000001bd65000 JavaThread "pool-30-thread-1" [_thread_blocked, id=4696, stack(0x0000000030a80000,0x0000000030b80000)]
  0x000000001bd69000 JavaThread "pool-29-thread-1" [_thread_in_Java, id=496, stack(0x0000000030980000,0x0000000030a80000)]
  0x000000001c790800 JavaThread "pool-12-thread-4" [_thread_blocked, id=10720, stack(0x000000002e380000,0x000000002e480000)]
  0x000000001c797000 JavaThread "pool-12-thread-2" [_thread_blocked, id=9996, stack(0x000000002e280000,0x000000002e380000)]
  0x000000001c796800 JavaThread "pool-12-thread-3" [_thread_blocked, id=4324, stack(0x000000002e180000,0x000000002e280000)]
  0x000000001c78f000 JavaThread "pool-12-thread-1" [_thread_blocked, id=5652, stack(0x000000002e080000,0x000000002e180000)]
  0x000000001c78e000 JavaThread "stdout" daemon [_thread_in_native, id=5488, stack(0x000000002d880000,0x000000002d980000)]
  0x000000001c795000 JavaThread "stderr" daemon [_thread_in_native, id=1628, stack(0x000000002d780000,0x000000002d880000)]
  0x000000001c794000 JavaThread "stdout" daemon [_thread_in_native, id=5104, stack(0x000000002d680000,0x000000002d780000)]
  0x000000001c78c800 JavaThread "stderr" daemon [_thread_in_native, id=2832, stack(0x000000002d580000,0x000000002d680000)]
  0x000000001c792800 JavaThread "stdout" daemon [_thread_in_native, id=236, stack(0x000000002d480000,0x000000002d580000)]
  0x000000001c793800 JavaThread "stderr" daemon [_thread_in_native, id=4500, stack(0x000000002d380000,0x000000002d480000)]
  0x000000001c792000 JavaThread "stdout" daemon [_thread_in_native, id=4164, stack(0x000000002d280000,0x000000002d380000)]
  0x000000001c78a000 JavaThread "stderr" daemon [_thread_in_native, id=9772, stack(0x000000002d180000,0x000000002d280000)]
  0x000000001c78f800 JavaThread "stdout" daemon [_thread_in_native, id=11988, stack(0x000000002d080000,0x000000002d180000)]
  0x000000001c791000 JavaThread "stderr" daemon [_thread_in_native, id=7880, stack(0x000000002cf80000,0x000000002d080000)]
  0x000000001c78b800 JavaThread "stdout" daemon [_thread_in_native, id=10420, stack(0x000000002ce80000,0x000000002cf80000)]
  0x000000001c78d000 JavaThread "stderr" daemon [_thread_in_native, id=9360, stack(0x000000002cd80000,0x000000002ce80000)]
  0x000000001c78b000 JavaThread "stdout" daemon [_thread_in_native, id=6036, stack(0x000000002cc80000,0x000000002cd80000)]
  0x0000000018392800 JavaThread "stderr" daemon [_thread_in_native, id=10056, stack(0x000000002cb80000,0x000000002cc80000)]
  0x0000000018395800 JavaThread "stdout" daemon [_thread_in_native, id=5476, stack(0x000000002ca80000,0x000000002cb80000)]
  0x0000000018391800 JavaThread "stdout" daemon [_thread_in_native, id=5052, stack(0x000000002c980000,0x000000002ca80000)]
  0x0000000018391000 JavaThread "stderr" daemon [_thread_in_native, id=11364, stack(0x000000002c880000,0x000000002c980000)]
  0x0000000018390000 JavaThread "stderr" daemon [_thread_in_native, id=11736, stack(0x000000002c780000,0x000000002c880000)]
  0x0000000018397000 JavaThread "stdout" daemon [_thread_in_native, id=10688, stack(0x000000002c580000,0x000000002c680000)]
  0x0000000018396000 JavaThread "stderr" daemon [_thread_in_native, id=4156, stack(0x000000002c480000,0x000000002c580000)]
  0x0000000018394000 JavaThread "stdout" daemon [_thread_in_native, id=7712, stack(0x000000002c380000,0x000000002c480000)]
  0x0000000018393000 JavaThread "stderr" daemon [_thread_in_native, id=11412, stack(0x000000002c280000,0x000000002c380000)]
  0x000000001b6ab000 JavaThread "stdout" daemon [_thread_in_native, id=2304, stack(0x000000002c180000,0x000000002c280000)]
  0x000000001b6a9800 JavaThread "stderr" daemon [_thread_in_native, id=11936, stack(0x000000002c080000,0x000000002c180000)]
  0x000000001b6a8800 JavaThread "stdout" daemon [_thread_in_native, id=5708, stack(0x000000002bf80000,0x000000002c080000)]
  0x000000001b6a8000 JavaThread "stderr" daemon [_thread_in_native, id=7876, stack(0x000000002be80000,0x000000002bf80000)]
  0x000000001b6a7000 JavaThread "stdout" daemon [_thread_in_native, id=8068, stack(0x000000002bd80000,0x000000002be80000)]
  0x000000001b6aa000 JavaThread "stderr" daemon [_thread_in_native, id=11292, stack(0x000000002bc80000,0x000000002bd80000)]
  0x000000001b69f800 JavaThread "stdout" daemon [_thread_in_native, id=7616, stack(0x000000002bb80000,0x000000002bc80000)]
  0x000000001b6a6800 JavaThread "stderr" daemon [_thread_in_native, id=4332, stack(0x000000002ba80000,0x000000002bb80000)]
  0x000000001b69f000 JavaThread "stdout" daemon [_thread_in_native, id=10340, stack(0x000000002b980000,0x000000002ba80000)]
  0x000000001b6a5800 JavaThread "stderr" daemon [_thread_in_native, id=10776, stack(0x000000002b880000,0x000000002b980000)]
  0x000000001b69e000 JavaThread "stdout" daemon [_thread_in_native, id=11732, stack(0x000000002b780000,0x000000002b880000)]
  0x000000001b6a5000 JavaThread "stderr" daemon [_thread_in_native, id=10316, stack(0x000000002b680000,0x000000002b780000)]
  0x000000001b69d800 JavaThread "stdout" daemon [_thread_in_native, id=10036, stack(0x000000002b580000,0x000000002b680000)]
  0x000000001b6a4000 JavaThread "stderr" daemon [_thread_in_native, id=9544, stack(0x000000002b480000,0x000000002b580000)]
  0x000000001b6a3800 JavaThread "stdout" daemon [_thread_in_native, id=10080, stack(0x000000002b380000,0x000000002b480000)]
  0x000000001b6a2800 JavaThread "stderr" daemon [_thread_in_native, id=10132, stack(0x000000002b280000,0x000000002b380000)]
  0x000000001b6a1000 JavaThread "stdout" daemon [_thread_in_native, id=12280, stack(0x000000002b180000,0x000000002b280000)]
  0x000000001b69c800 JavaThread "stderr" daemon [_thread_in_native, id=4920, stack(0x000000002b080000,0x000000002b180000)]
  0x000000001b6a2000 JavaThread "png-cruncher_20" daemon [_thread_blocked, id=1240, stack(0x000000002af80000,0x000000002b080000)]
  0x000000001b69c000 JavaThread "png-cruncher_19" daemon [_thread_blocked, id=9912, stack(0x000000002ae80000,0x000000002af80000)]
  0x000000001b6a0800 JavaThread "png-cruncher_18" daemon [_thread_blocked, id=4188, stack(0x000000002ad80000,0x000000002ae80000)]
  0x000000001dc0a000 JavaThread "png-cruncher_17" daemon [_thread_blocked, id=11312, stack(0x000000002ac80000,0x000000002ad80000)]
  0x000000001b7ae000 JavaThread "png-cruncher_16" daemon [_thread_blocked, id=6108, stack(0x000000002ab80000,0x000000002ac80000)]
  0x000000001b7ac800 JavaThread "png-cruncher_15" daemon [_thread_blocked, id=11328, stack(0x000000002aa80000,0x000000002ab80000)]
  0x000000001c6c1800 JavaThread "png-cruncher_14" daemon [_thread_blocked, id=9744, stack(0x000000002a980000,0x000000002aa80000)]
  0x000000001c6ba000 JavaThread "png-cruncher_13" daemon [_thread_blocked, id=9692, stack(0x000000002a880000,0x000000002a980000)]
  0x000000001c6c0800 JavaThread "png-cruncher_12" daemon [_thread_blocked, id=9468, stack(0x000000002a780000,0x000000002a880000)]
  0x000000001c6bf000 JavaThread "png-cruncher_11" daemon [_thread_blocked, id=4176, stack(0x000000002a680000,0x000000002a780000)]
  0x000000001c6bc000 JavaThread "png-cruncher_10" daemon [_thread_blocked, id=5408, stack(0x000000002a580000,0x000000002a680000)]
  0x000000001c6b9000 JavaThread "png-cruncher_9" daemon [_thread_blocked, id=6180, stack(0x000000002a480000,0x000000002a580000)]
  0x000000001c6bb800 JavaThread "png-cruncher_8" daemon [_thread_blocked, id=3532, stack(0x000000002a380000,0x000000002a480000)]
  0x000000001c6ba800 JavaThread "png-cruncher_7" daemon [_thread_blocked, id=5056, stack(0x000000002a280000,0x000000002a380000)]
  0x000000001c6b8800 JavaThread "png-cruncher_6" daemon [_thread_blocked, id=10580, stack(0x000000002a180000,0x000000002a280000)]
  0x000000001c6be800 JavaThread "png-cruncher_5" daemon [_thread_blocked, id=7432, stack(0x000000002a080000,0x000000002a180000)]
  0x00000000193b6000 JavaThread "png-cruncher_4" daemon [_thread_blocked, id=972, stack(0x0000000029f80000,0x000000002a080000)]
  0x00000000193b9000 JavaThread "png-cruncher_3" daemon [_thread_blocked, id=5540, stack(0x0000000029e80000,0x0000000029f80000)]
  0x00000000193b7000 JavaThread "png-cruncher_2" daemon [_thread_blocked, id=8296, stack(0x0000000029d80000,0x0000000029e80000)]
  0x00000000193b2800 JavaThread "png-cruncher_1" daemon [_thread_blocked, id=2396, stack(0x0000000029c80000,0x0000000029d80000)]
  0x00000000193b8800 JavaThread "pool-9-thread-4" [_thread_blocked, id=4580, stack(0x0000000029b80000,0x0000000029c80000)]
  0x00000000193b7800 JavaThread "pool-9-thread-3" [_thread_blocked, id=12200, stack(0x0000000029a80000,0x0000000029b80000)]
  0x00000000193b4800 JavaThread "pool-9-thread-2" [_thread_blocked, id=9728, stack(0x0000000029980000,0x0000000029a80000)]
  0x00000000193b3000 JavaThread "pool-9-thread-1" [_thread_blocked, id=9624, stack(0x0000000029880000,0x0000000029980000)]
  0x00000000193b1800 JavaThread "Asynchronous log dispatcher for org.gradle.launcher.daemon.server.DefaultDaemonConnection@1c25764d" [_thread_blocked, id=12024, stack(0x0000000029680000,0x0000000029780000)]
  0x00000000193ab800 JavaThread "Daemon worker Thread 9" [_thread_blocked, id=11240, stack(0x0000000029580000,0x0000000029680000)]
  0x00000000193b0000 JavaThread "Cancel handler" [_thread_blocked, id=11572, stack(0x0000000029480000,0x0000000029580000)]
  0x00000000193af800 JavaThread "Handler for socket connection from /127.0.0.1:1087 to /127.0.0.1:2255" [_thread_in_native, id=768, stack(0x0000000029380000,0x0000000029480000)]
  0x00000000193b1000 JavaThread "Daemon Thread 9" [_thread_blocked, id=2136, stack(0x0000000029280000,0x0000000029380000)]
  0x00000000193ac800 JavaThread "stdout" daemon [_thread_in_native, id=6084, stack(0x0000000027180000,0x0000000027280000)]
  0x00000000193ad000 JavaThread "stderr" daemon [_thread_in_native, id=4248, stack(0x0000000027080000,0x0000000027180000)]
  0x00000000193ae000 JavaThread "stdout" daemon [_thread_in_native, id=3024, stack(0x0000000026f80000,0x0000000027080000)]
  0x00000000193aa000 JavaThread "stderr" daemon [_thread_in_native, id=9976, stack(0x0000000026e80000,0x0000000026f80000)]
  0x00000000193ae800 JavaThread "stdout" daemon [_thread_in_native, id=6468, stack(0x0000000026d80000,0x0000000026e80000)]
  0x000000001dc0e800 JavaThread "stderr" daemon [_thread_in_native, id=9736, stack(0x0000000026c80000,0x0000000026d80000)]
  0x000000001dc0e000 JavaThread "stdout" daemon [_thread_in_native, id=4060, stack(0x0000000026b80000,0x0000000026c80000)]
  0x000000001dc0d000 JavaThread "stderr" daemon [_thread_in_native, id=9256, stack(0x0000000026a80000,0x0000000026b80000)]
  0x000000001dc0b000 JavaThread "stdout" daemon [_thread_in_native, id=9476, stack(0x0000000026980000,0x0000000026a80000)]
  0x000000001dc09800 JavaThread "stderr" daemon [_thread_in_native, id=4052, stack(0x0000000026880000,0x0000000026980000)]
  0x000000001dc0c800 JavaThread "stdout" daemon [_thread_in_native, id=8500, stack(0x0000000026680000,0x0000000026780000)]
  0x000000001dc08800 JavaThread "stderr" daemon [_thread_in_native, id=8700, stack(0x0000000026580000,0x0000000026680000)]
  0x000000001dc0b800 JavaThread "stdout" daemon [_thread_in_native, id=9660, stack(0x0000000026480000,0x0000000026580000)]
  0x000000001dc02000 JavaThread "stderr" daemon [_thread_in_native, id=9632, stack(0x0000000026380000,0x0000000026480000)]
  0x000000001dc01000 JavaThread "stdout" daemon [_thread_in_native, id=10176, stack(0x0000000026280000,0x0000000026380000)]
  0x000000001dc08000 JavaThread "stderr" daemon [_thread_in_native, id=2744, stack(0x0000000026180000,0x0000000026280000)]
  0x000000001dc00800 JavaThread "stdout" daemon [_thread_in_native, id=10492, stack(0x0000000026080000,0x0000000026180000)]
  0x000000001dc07000 JavaThread "stderr" daemon [_thread_in_native, id=10300, stack(0x0000000025f80000,0x0000000026080000)]
  0x000000001dbff800 JavaThread "stdout" daemon [_thread_in_native, id=11996, stack(0x0000000025e80000,0x0000000025f80000)]
  0x000000001dc06800 JavaThread "stderr" daemon [_thread_in_native, id=12120, stack(0x0000000025d80000,0x0000000025e80000)]
  0x000000001dc05800 JavaThread "stdout" daemon [_thread_in_native, id=7760, stack(0x0000000025c80000,0x0000000025d80000)]
  0x000000001dc02800 JavaThread "stderr" daemon [_thread_in_native, id=2912, stack(0x0000000025b80000,0x0000000025c80000)]
  0x000000001dc03800 JavaThread "stdout" daemon [_thread_in_native, id=10772, stack(0x0000000025a80000,0x0000000025b80000)]
  0x000000001dc04000 JavaThread "stderr" daemon [_thread_in_native, id=9284, stack(0x0000000025980000,0x0000000025a80000)]
  0x000000001dc05000 JavaThread "stdout" daemon [_thread_in_native, id=1288, stack(0x0000000025880000,0x0000000025980000)]
  0x000000001c3c0800 JavaThread "stderr" daemon [_thread_in_native, id=2908, stack(0x0000000025780000,0x0000000025880000)]
  0x000000001c3bf800 JavaThread "stdout" daemon [_thread_in_native, id=8372, stack(0x0000000025680000,0x0000000025780000)]
  0x000000001c3bf000 JavaThread "stderr" daemon [_thread_in_native, id=8392, stack(0x0000000025580000,0x0000000025680000)]
  0x000000001c3be000 JavaThread "stdout" daemon [_thread_in_native, id=8368, stack(0x0000000025480000,0x0000000025580000)]
  0x000000001c3bd800 JavaThread "stderr" daemon [_thread_in_native, id=2408, stack(0x0000000025380000,0x0000000025480000)]
  0x000000001c3b6000 JavaThread "stdout" daemon [_thread_in_native, id=7972, stack(0x0000000025280000,0x0000000025380000)]
  0x000000001c3bc800 JavaThread "stderr" daemon [_thread_in_native, id=5260, stack(0x0000000025180000,0x0000000025280000)]
  0x000000001c3bb000 JavaThread "stdout" daemon [_thread_in_native, id=11136, stack(0x0000000025080000,0x0000000025180000)]
  0x000000001c3b5000 JavaThread "stderr" daemon [_thread_in_native, id=7472, stack(0x0000000024f80000,0x0000000025080000)]
  0x000000001c3ba800 JavaThread "stdout" daemon [_thread_in_native, id=7988, stack(0x0000000024e80000,0x0000000024f80000)]
  0x000000001c3bc000 JavaThread "stderr" daemon [_thread_in_native, id=8720, stack(0x0000000024d80000,0x0000000024e80000)]
  0x000000001c3b9800 JavaThread "stdout" daemon [_thread_in_native, id=10308, stack(0x0000000024c80000,0x0000000024d80000)]
  0x000000001c3b2000 JavaThread "stderr" daemon [_thread_in_native, id=2300, stack(0x0000000024b80000,0x0000000024c80000)]
  0x000000001c3b3800 JavaThread "stdout" daemon [_thread_in_native, id=3040, stack(0x0000000024a80000,0x0000000024b80000)]
  0x000000001c3b9000 JavaThread "stderr" daemon [_thread_in_native, id=9288, stack(0x0000000024980000,0x0000000024a80000)]
  0x000000001c3b3000 JavaThread "png-cruncher_20" daemon [_thread_blocked, id=5556, stack(0x0000000024880000,0x0000000024980000)]
  0x000000001c3b8000 JavaThread "png-cruncher_19" daemon [_thread_blocked, id=10620, stack(0x0000000024780000,0x0000000024880000)]
  0x000000001c3b4800 JavaThread "png-cruncher_18" daemon [_thread_blocked, id=9704, stack(0x0000000024680000,0x0000000024780000)]
  0x000000001c3b6800 JavaThread "png-cruncher_17" daemon [_thread_blocked, id=10768, stack(0x0000000024580000,0x0000000024680000)]
  0x000000001c3b7800 JavaThread "png-cruncher_16" daemon [_thread_blocked, id=10532, stack(0x0000000024480000,0x0000000024580000)]
  0x000000001c3b1800 JavaThread "png-cruncher_15" daemon [_thread_blocked, id=12212, stack(0x0000000024380000,0x0000000024480000)]
  0x000000001b7ab000 JavaThread "png-cruncher_14" daemon [_thread_blocked, id=6884, stack(0x0000000024280000,0x0000000024380000)]
  0x000000001b7b2000 JavaThread "png-cruncher_13" daemon [_thread_blocked, id=11388, stack(0x0000000024180000,0x0000000024280000)]
  0x000000001b7af000 JavaThread "png-cruncher_12" daemon [_thread_blocked, id=4900, stack(0x0000000024080000,0x0000000024180000)]
  0x000000001b7b1000 JavaThread "png-cruncher_11" daemon [_thread_blocked, id=9068, stack(0x0000000023f80000,0x0000000024080000)]
  0x000000001b7af800 JavaThread "png-cruncher_10" daemon [_thread_blocked, id=9888, stack(0x0000000023e80000,0x0000000023f80000)]
  0x000000001b7ac000 JavaThread "png-cruncher_9" daemon [_thread_blocked, id=9328, stack(0x0000000023d80000,0x0000000023e80000)]
  0x000000001c6c6800 JavaThread "png-cruncher_8" daemon [_thread_blocked, id=3140, stack(0x0000000023c80000,0x0000000023d80000)]
  0x000000001c6c6000 JavaThread "png-cruncher_7" daemon [_thread_blocked, id=9952, stack(0x0000000023b80000,0x0000000023c80000)]
  0x000000001c6c7800 JavaThread "png-cruncher_6" daemon [_thread_blocked, id=11720, stack(0x0000000023a80000,0x0000000023b80000)]
  0x000000001c6c5000 JavaThread "png-cruncher_5" daemon [_thread_blocked, id=9240, stack(0x0000000023980000,0x0000000023a80000)]
  0x000000001c6c2000 JavaThread "png-cruncher_4" daemon [_thread_blocked, id=8400, stack(0x0000000023880000,0x0000000023980000)]
  0x000000001c6c4800 JavaThread "png-cruncher_3" daemon [_thread_blocked, id=11324, stack(0x0000000023780000,0x0000000023880000)]
  0x000000001c6c3800 JavaThread "png-cruncher_2" daemon [_thread_blocked, id=11356, stack(0x0000000023680000,0x0000000023780000)]
  0x000000001c6c3000 JavaThread "png-cruncher_1" daemon [_thread_blocked, id=10652, stack(0x0000000023580000,0x0000000023680000)]
  0x000000001af12800 JavaThread "File lock request listener" [_thread_in_native, id=11916, stack(0x000000001bdd0000,0x000000001bed0000)]
  0x0000000018736800 JavaThread "pool-1-thread-1" [_thread_blocked, id=11316, stack(0x000000001a100000,0x000000001a200000)]
  0x00000000186f4800 JavaThread "Incoming local TCP Connector on port 1087" [_thread_in_native, id=10820, stack(0x0000000018b10000,0x0000000018c10000)]
  0x0000000017b92800 JavaThread "Service Thread" daemon [_thread_blocked, id=2896, stack(0x0000000018110000,0x0000000018210000)]
  0x0000000017b15000 JavaThread "C1 CompilerThread2" daemon [_thread_blocked, id=10888, stack(0x0000000018010000,0x0000000018110000)]
  0x000000001651c800 JavaThread "C2 CompilerThread1" daemon [_thread_in_vm, id=8572, stack(0x0000000017f10000,0x0000000018010000)]
=>0x0000000016518800 JavaThread "C2 CompilerThread0" daemon [_thread_in_native, id=9120, stack(0x0000000017a10000,0x0000000017b10000)]
  0x0000000016517800 JavaThread "Attach Listener" daemon [_thread_blocked, id=8420, stack(0x0000000017910000,0x0000000017a10000)]
  0x00000000164cb000 JavaThread "Signal Dispatcher" daemon [_thread_blocked, id=7684, stack(0x0000000017810000,0x0000000017910000)]
  0x00000000164a8000 JavaThread "Finalizer" daemon [_thread_blocked, id=6676, stack(0x0000000017710000,0x0000000017810000)]
  0x0000000016487000 JavaThread "Reference Handler" daemon [_thread_blocked, id=6136, stack(0x0000000017610000,0x0000000017710000)]
  0x0000000002a50800 JavaThread "main" [_thread_blocked, id=2620, stack(0x00000000028a0000,0x00000000029a0000)]

Other Threads:
  0x0000000016485000 VMThread [stack: 0x0000000017510000,0x0000000017610000] [id=9524]
  0x0000000017b9c000 WatcherThread [stack: 0x0000000018210000,0x0000000018310000] [id=2320]

VM state:not at safepoint (normal execution)

VM Mutex/Monitor currently owned by a thread: None

Heap:
 PSYoungGen      total 477696K, used 48034K [0x00000000e0000000, 0x0000000100000000, 0x0000000100000000)
  eden space 431104K, 10% used [0x00000000e0000000,0x00000000e2c72230,0x00000000fa500000)
  from space 46592K, 5% used [0x00000000fa500000,0x00000000fa776968,0x00000000fd280000)
  to   space 46592K, 0% used [0x00000000fd280000,0x00000000fd280000,0x0000000100000000)
 ParOldGen       total 196608K, used 118840K [0x00000000a0000000, 0x00000000ac000000, 0x00000000e0000000)
  object space 196608K, 60% used [0x00000000a0000000,0x00000000a740e030,0x00000000ac000000)
 Metaspace       used 74130K, capacity 77020K, committed 78336K, reserved 1118208K
  class space    used 9202K, capacity 9635K, committed 9984K, reserved 1048576K

Card table byte_map: [0x0000000011f10000,0x0000000012220000] byte_map_base: 0x0000000011a10000

Marking Bits: (ParMarkBitMap*) 0x0000000069ad9d00
 Begin Bits: [0x0000000012820000, 0x0000000014020000)
 End Bits:   [0x0000000014020000, 0x0000000015820000)

Polling page: 0x0000000000d00000

CodeCache: size=245760Kb used=50982Kb max_used=51011Kb free=194777Kb
 bounds [0x0000000002b50000, 0x0000000005d70000, 0x0000000011b50000]
 total_blobs=14760 nmethods=13961 adapters=711
 compilation: enabled

Compilation events (10 events):
Event: 3310.295 Thread 0x0000000017b15000 17820       2       com.android.dx.rop.code.Rops::opCmpl (53 bytes)
Event: 3310.297 Thread 0x0000000017b15000 nmethod 17820 0x00000000051e9750 code [0x00000000051e9920, 0x00000000051e9db8]
Event: 3310.324 Thread 0x0000000017b15000 17823       2       com.android.dx.ssa.LiteralOpUpgrader::tryReplacingWithConstant (161 bytes)
Event: 3310.327 Thread 0x0000000017b15000 nmethod 17823 0x00000000055fa790 code [0x00000000055fa9a0, 0x00000000055fafb8]
Event: 3310.391 Thread 0x0000000017b15000 17831       1       com.android.dx.rop.code.Insn$BaseVisitor::visitThrowingInsn (1 bytes)
Event: 3310.391 Thread 0x0000000017b15000 nmethod 17831 0x00000000058a1750 code [0x00000000058a18a0, 0x00000000058a19b0]
Event: 3310.455 Thread 0x0000000017b15000 17833       2       com.android.dx.dex.code.OddSpacer::<init> (9 bytes)
Event: 3310.456 Thread 0x0000000017b15000 nmethod 17833 0x00000000055fa3d0 code [0x00000000055fa540, 0x00000000055fa6c8]
Event: 3310.503 Thread 0x000000001651c800 nmethod 17170 0x0000000005d5cd90 code [0x0000000005d5cf60, 0x0000000005d5e018]
Event: 3310.503 Thread 0x000000001651c800 17830       4       com.android.dx.ssa.LiteralOpUpgrader::tryReplacingWithConstant (161 bytes)

GC Heap History (10 events):
Event: 3288.640 GC heap before
{Heap before GC invocations=33 (full 10):
 PSYoungGen      total 349184K, used 338448K [0x00000000e0000000, 0x00000000fc500000, 0x0000000100000000)
  eden space 326144K, 100% used [0x00000000e0000000,0x00000000f3e80000,0x00000000f3e80000)
  from space 23040K, 53% used [0x00000000f5500000,0x00000000f6104030,0x00000000f6b80000)
  to   space 23040K, 0% used [0x00000000f3e80000,0x00000000f3e80000,0x00000000f5500000)
 ParOldGen       total 59904K, used 35952K [0x00000000a0000000, 0x00000000a3a80000, 0x00000000e0000000)
  object space 59904K, 60% used [0x00000000a0000000,0x00000000a231c0b8,0x00000000a3a80000)
 Metaspace       used 73952K, capacity 76894K, committed 78080K, reserved 1118208K
  class space    used 9213K, capacity 9652K, committed 9984K, reserved 1048576K
Event: 3296.451 GC heap after
Heap after GC invocations=33 (full 10):
 PSYoungGen      total 349184K, used 23018K [0x00000000e0000000, 0x0000000100000000, 0x0000000100000000)
  eden space 326144K, 0% used [0x00000000e0000000,0x00000000e0000000,0x00000000f3e80000)
  from space 23040K, 99% used [0x00000000f3e80000,0x00000000f54fa9a0,0x00000000f5500000)
  to   space 33792K, 0% used [0x00000000fdf00000,0x00000000fdf00000,0x0000000100000000)
 ParOldGen       total 59904K, used 54287K [0x00000000a0000000, 0x00000000a3a80000, 0x00000000e0000000)
  object space 59904K, 90% used [0x00000000a0000000,0x00000000a3503c10,0x00000000a3a80000)
 Metaspace       used 73952K, capacity 76894K, committed 78080K, reserved 1118208K
  class space    used 9213K, capacity 9652K, committed 9984K, reserved 1048576K
}
Event: 3296.451 GC heap before
{Heap before GC invocations=34 (full 11):
 PSYoungGen      total 349184K, used 23018K [0x00000000e0000000, 0x0000000100000000, 0x0000000100000000)
  eden space 326144K, 0% used [0x00000000e0000000,0x00000000e0000000,0x00000000f3e80000)
  from space 23040K, 99% used [0x00000000f3e80000,0x00000000f54fa9a0,0x00000000f5500000)
  to   space 33792K, 0% used [0x00000000fdf00000,0x00000000fdf00000,0x0000000100000000)
 ParOldGen       total 59904K, used 54287K [0x00000000a0000000, 0x00000000a3a80000, 0x00000000e0000000)
  object space 59904K, 90% used [0x00000000a0000000,0x00000000a3503c10,0x00000000a3a80000)
 Metaspace       used 73952K, capacity 76894K, committed 78080K, reserved 1118208K
  class space    used 9213K, capacity 9652K, committed 9984K, reserved 1048576K
Event: 3298.868 GC heap after
Heap after GC invocations=34 (full 11):
 PSYoungGen      total 349184K, used 15736K [0x00000000e0000000, 0x0000000100000000, 0x0000000100000000)
  eden space 326144K, 0% used [0x00000000e0000000,0x00000000e0000000,0x00000000f3e80000)
  from space 23040K, 68% used [0x00000000f3e80000,0x00000000f4dde000,0x00000000f5500000)
  to   space 33792K, 0% used [0x00000000fdf00000,0x00000000fdf00000,0x0000000100000000)
 ParOldGen       total 110080K, used 59571K [0x00000000a0000000, 0x00000000a6b80000, 0x00000000e0000000)
  object space 110080K, 54% used [0x00000000a0000000,0x00000000a3a2ce00,0x00000000a6b80000)
 Metaspace       used 73911K, capacity 76764K, committed 78080K, reserved 1118208K
  class space    used 9200K, capacity 9635K, committed 9984K, reserved 1048576K
}
Event: 3304.475 GC heap before
{Heap before GC invocations=35 (full 11):
 PSYoungGen      total 349184K, used 341880K [0x00000000e0000000, 0x0000000100000000, 0x0000000100000000)
  eden space 326144K, 100% used [0x00000000e0000000,0x00000000f3e80000,0x00000000f3e80000)
  from space 23040K, 68% used [0x00000000f3e80000,0x00000000f4dde000,0x00000000f5500000)
  to   space 33792K, 0% used [0x00000000fdf00000,0x00000000fdf00000,0x0000000100000000)
 ParOldGen       total 110080K, used 59571K [0x00000000a0000000, 0x00000000a6b80000, 0x00000000e0000000)
  object space 110080K, 54% used [0x00000000a0000000,0x00000000a3a2ce00,0x00000000a6b80000)
 Metaspace       used 74072K, capacity 77020K, committed 78336K, reserved 1118208K
  class space    used 9200K, capacity 9635K, committed 9984K, reserved 1048576K
Event: 3304.876 GC heap after
Heap after GC invocations=35 (full 11):
 PSYoungGen      total 464896K, used 33789K [0x00000000e0000000, 0x0000000100000000, 0x0000000100000000)
  eden space 431104K, 0% used [0x00000000e0000000,0x00000000e0000000,0x00000000fa500000)
  from space 33792K, 99% used [0x00000000fdf00000,0x00000000fffff4d0,0x0000000100000000)
  to   space 46592K, 0% used [0x00000000fa500000,0x00000000fa500000,0x00000000fd280000)
 ParOldGen       total 110080K, used 78342K [0x00000000a0000000, 0x00000000a6b80000, 0x00000000e0000000)
  object space 110080K, 71% used [0x00000000a0000000,0x00000000a4c81980,0x00000000a6b80000)
 Metaspace       used 74072K, capacity 77020K, committed 78336K, reserved 1118208K
  class space    used 9200K, capacity 9635K, committed 9984K, reserved 1048576K
}
Event: 3310.560 GC heap before
{Heap before GC invocations=36 (full 11):
 PSYoungGen      total 464896K, used 464893K [0x00000000e0000000, 0x0000000100000000, 0x0000000100000000)
  eden space 431104K, 100% used [0x00000000e0000000,0x00000000fa500000,0x00000000fa500000)
  from space 33792K, 99% used [0x00000000fdf00000,0x00000000fffff4d0,0x0000000100000000)
  to   space 46592K, 0% used [0x00000000fa500000,0x00000000fa500000,0x00000000fd280000)
 ParOldGen       total 110080K, used 78342K [0x00000000a0000000, 0x00000000a6b80000, 0x00000000e0000000)
  object space 110080K, 71% used [0x00000000a0000000,0x00000000a4c81980,0x00000000a6b80000)
 Metaspace       used 74129K, capacity 77020K, committed 78336K, reserved 1118208K
  class space    used 9202K, capacity 9635K, committed 9984K, reserved 1048576K
Event: 3310.973 GC heap after
Heap after GC invocations=36 (full 11):
 PSYoungGen      total 477696K, used 46561K [0x00000000e0000000, 0x0000000100000000, 0x0000000100000000)
  eden space 431104K, 0% used [0x00000000e0000000,0x00000000e0000000,0x00000000fa500000)
  from space 46592K, 99% used [0x00000000fa500000,0x00000000fd278670,0x00000000fd280000)
  to   space 46592K, 0% used [0x00000000fd280000,0x00000000fd280000,0x0000000100000000)
 ParOldGen       total 119296K, used 119069K [0x00000000a0000000, 0x00000000a7480000, 0x00000000e0000000)
  object space 119296K, 99% used [0x00000000a0000000,0x00000000a7447568,0x00000000a7480000)
 Metaspace       used 74129K, capacity 77020K, committed 78336K, reserved 1118208K
  class space    used 9202K, capacity 9635K, committed 9984K, reserved 1048576K
}
Event: 3310.973 GC heap before
{Heap before GC invocations=37 (full 12):
 PSYoungGen      total 477696K, used 46561K [0x00000000e0000000, 0x0000000100000000, 0x0000000100000000)
  eden space 431104K, 0% used [0x00000000e0000000,0x00000000e0000000,0x00000000fa500000)
  from space 46592K, 99% used [0x00000000fa500000,0x00000000fd278670,0x00000000fd280000)
  to   space 46592K, 0% used [0x00000000fd280000,0x00000000fd280000,0x0000000100000000)
 ParOldGen       total 119296K, used 119069K [0x00000000a0000000, 0x00000000a7480000, 0x00000000e0000000)
  object space 119296K, 99% used [0x00000000a0000000,0x00000000a7447568,0x00000000a7480000)
 Metaspace       used 74129K, capacity 77020K, committed 78336K, reserved 1118208K
  class space    used 9202K, capacity 9635K, committed 9984K, reserved 1048576K
Event: 3312.764 GC heap after
Heap after GC invocations=37 (full 12):
 PSYoungGen      total 477696K, used 2522K [0x00000000e0000000, 0x0000000100000000, 0x0000000100000000)
  eden space 431104K, 0% used [0x00000000e0000000,0x00000000e0000000,0x00000000fa500000)
  from space 46592K, 5% used [0x00000000fa500000,0x00000000fa776968,0x00000000fd280000)
  to   space 46592K, 0% used [0x00000000fd280000,0x00000000fd280000,0x0000000100000000)
 ParOldGen       total 196608K, used 118840K [0x00000000a0000000, 0x00000000ac000000, 0x00000000e0000000)
  object space 196608K, 60% used [0x00000000a0000000,0x00000000a740e030,0x00000000ac000000)
 Metaspace       used 74129K, capacity 77020K, committed 78336K, reserved 1118208K
  class space    used 9202K, capacity 9635K, committed 9984K, reserved 1048576K
}

Deoptimization events (10 events):
Event: 3306.723 Thread 0x000000001bd6a800 Uncommon trap: reason=bimorphic action=maybe_recompile pc=0x0000000005cfc588 method=com.android.dx.ssa.back.FirstFitLocalCombiningAllocator.findNextUnreservedRopReg(IILcom/android/dx/ssa/back/FirstFitLocalCombiningAllocator$Alignment;)I @ 60
Event: 3307.897 Thread 0x000000001bd68000 Uncommon trap: reason=bimorphic action=maybe_recompile pc=0x0000000005a3a168 method=com.android.dx.ssa.LiteralOpUpgrader.tryReplacingWithConstant(Lcom/android/dx/ssa/NormalSsaInsn;)Z @ 62
Event: 3308.453 Thread 0x000000001c797000 Uncommon trap: reason=unstable_if action=reinterpret pc=0x00000000057ac1cc method=com.android.dx.cf.code.Ropper.isSynchronized()Z @ 12
Event: 3308.594 Thread 0x000000001bd66000 Uncommon trap: reason=bimorphic action=maybe_recompile pc=0x0000000005a3a168 method=com.android.dx.ssa.LiteralOpUpgrader.tryReplacingWithConstant(Lcom/android/dx/ssa/NormalSsaInsn;)Z @ 62
Event: 3308.739 Thread 0x000000001bd67800 Uncommon trap: reason=unstable_if action=reinterpret pc=0x00000000047571cc method=com.android.dx.ssa.MoveParamCombiner$1.visitNonMoveInsn(Lcom/android/dx/ssa/NormalSsaInsn;)V @ 27
Event: 3309.441 Thread 0x000000001bd6b000 Uncommon trap: reason=unstable_if action=reinterpret pc=0x000000000576f188 method=com.android.dx.ssa.LocalVariableExtractor.doit()Lcom/android/dx/ssa/LocalVariableInfo; @ 7
Event: 3309.442 Thread 0x000000001bd6b000 Uncommon trap: reason=unstable_if action=reinterpret pc=0x0000000005a909fc method=com.android.dx.rop.code.RegisterSpecSet.<init>(I)V @ 2
Event: 3309.442 Thread 0x000000001bd6b000 Uncommon trap: reason=unstable_if action=reinterpret pc=0x00000000058a0228 method=com.android.dx.rop.code.RegisterSpecSet.<init>(I)V @ 2
Event: 3310.317 Thread 0x000000001c797000 Uncommon trap: reason=bimorphic action=maybe_recompile pc=0x0000000005a3a168 method=com.android.dx.ssa.LiteralOpUpgrader.tryReplacingWithConstant(Lcom/android/dx/ssa/NormalSsaInsn;)Z @ 62
Event: 3310.324 Thread 0x000000001c797000 Uncommon trap: reason=bimorphic action=maybe_recompile pc=0x0000000005a3a168 method=com.android.dx.ssa.LiteralOpUpgrader.tryReplacingWithConstant(Lcom/android/dx/ssa/NormalSsaInsn;)Z @ 62

Internal exceptions (10 events):
Event: 3225.420 Thread 0x00000000193ab800 Implicit null exception at 0x00000000050591f5 to 0x00000000050597cd
Event: 3256.471 Thread 0x00000000193ab800 Implicit null exception at 0x00000000032b3db7 to 0x00000000032b3e31
Event: 3272.766 Thread 0x00000000193ab800 Exception <a 'java/lang/NoSuchMethodError': <clinit>> (0x00000000e7066c78) thrown at [C:\src\android\AOSP-openjdk\external\jetbrains\jdk\hotspot\src\share\vm\prims\jni.cpp, line 1591]
Event: 3274.209 Thread 0x00000000193b4800 Implicit null exception at 0x00000000045950ff to 0x00000000045959f5
Event: 3274.213 Thread 0x00000000193b7800 Implicit null exception at 0x000000000458cb25 to 0x000000000458d0d5
Event: 3274.213 Thread 0x00000000193b8800 Implicit null exception at 0x000000000458cb25 to 0x000000000458d0d5
Event: 3275.361 Thread 0x000000001c790800 Implicit null exception at 0x0000000004589ebd to 0x000000000458a2e9
Event: 3275.361 Thread 0x000000001c797000 Implicit null exception at 0x0000000004589ebd to 0x000000000458a2e9
Event: 3279.012 Thread 0x000000001bd65000 Implicit null exception at 0x000000000586c5e3 to 0x000000000586cfb5
Event: 3304.146 Thread 0x000000001bd6c800 Implicit null exception at 0x00000000054106c1 to 0x000000000541139d

Events (10 events):
Event: 3310.403 Executing VM operation: RevokeBias
Event: 3310.422 Executing VM operation: RevokeBias done
Event: 3310.423 Thread 0x000000001bd67800 DEOPT PACKING pc=0x00000000058dfe52 sp=0x0000000030e7e800
Event: 3310.423 Thread 0x000000001bd67800 DEOPT UNPACKING pc=0x0000000002b971bf sp=0x0000000030e7e568 mode 0
Event: 3310.477 Executing VM operation: RevokeBias
Event: 3310.489 Executing VM operation: RevokeBias done
Event: 3310.519 Thread 0x000000001bd68000 DEOPT PACKING pc=0x00000000058dfe52 sp=0x0000000030d7e6c0
Event: 3310.519 Thread 0x000000001bd68000 DEOPT UNPACKING pc=0x0000000002b971bf sp=0x0000000030d7e428 mode 0
Event: 3310.538 Executing VM operation: RevokeBias
Event: 3312.764 Executing VM operation: RevokeBias done


Dynamic libraries:
0x00007ff62a220000 - 0x00007ff62a251000 	D:\Android\Android Sutdio\jre\bin\java.exe
0x00007ffc1e010000 - 0x00007ffc1e1e1000 	C:\WINDOWS\SYSTEM32\ntdll.dll
0x00007ffc1bd10000 - 0x00007ffc1bdbb000 	C:\WINDOWS\System32\KERNEL32.DLL
0x00007ffc1afb0000 - 0x00007ffc1b1cd000 	C:\WINDOWS\System32\KERNELBASE.dll
0x00007ffc1d4f0000 - 0x00007ffc1d592000 	C:\WINDOWS\System32\ADVAPI32.dll
0x00007ffc1b7a0000 - 0x00007ffc1b83e000 	C:\WINDOWS\System32\msvcrt.dll
0x00007ffc1b990000 - 0x00007ffc1b9e9000 	C:\WINDOWS\System32\sechost.dll
0x00007ffc1dee0000 - 0x00007ffc1e001000 	C:\WINDOWS\System32\RPCRT4.dll
0x00007ffc1b9f0000 - 0x00007ffc1bb55000 	C:\WINDOWS\System32\USER32.dll
0x00007ffc1a800000 - 0x00007ffc1a81e000 	C:\WINDOWS\System32\win32u.dll
0x00007ffc1d340000 - 0x00007ffc1d374000 	C:\WINDOWS\System32\GDI32.dll
0x00007ffc1b3a0000 - 0x00007ffc1b522000 	C:\WINDOWS\System32\gdi32full.dll
0x00007ffc10160000 - 0x00007ffc103da000 	C:\WINDOWS\WinSxS\amd64_microsoft.windows.common-controls_6595b64144ccf1df_6.0.14393.953_none_42151e83c686086b\COMCTL32.dll
0x00007ffc1d5a0000 - 0x00007ffc1d868000 	C:\WINDOWS\System32\combase.dll
0x00007ffc1a600000 - 0x00007ffc1a6f5000 	C:\WINDOWS\System32\ucrtbase.dll
0x00007ffc1b530000 - 0x00007ffc1b59a000 	C:\WINDOWS\System32\bcryptPrimitives.dll
0x00007ffc1b960000 - 0x00007ffc1b98e000 	C:\WINDOWS\System32\IMM32.DLL
0x0000000069e60000 - 0x0000000069f32000 	D:\Android\Android Sutdio\jre\jre\bin\msvcr100.dll
0x0000000069320000 - 0x0000000069b54000 	D:\Android\Android Sutdio\jre\jre\bin\server\jvm.dll
0x00007ffc1ded0000 - 0x00007ffc1ded8000 	C:\WINDOWS\System32\PSAPI.DLL
0x00007ffc13f70000 - 0x00007ffc13f79000 	C:\WINDOWS\SYSTEM32\WSOCK32.dll
0x00007ffc15f00000 - 0x00007ffc15f0a000 	C:\WINDOWS\SYSTEM32\VERSION.dll
0x00007ffc188c0000 - 0x00007ffc188e3000 	C:\WINDOWS\SYSTEM32\WINMM.dll
0x00007ffc18890000 - 0x00007ffc188bb000 	C:\WINDOWS\SYSTEM32\WINMMBASE.dll
0x00007ffc1a7b0000 - 0x00007ffc1a7f2000 	C:\WINDOWS\System32\cfgmgr32.dll
0x00007ffc1bdc0000 - 0x00007ffc1be2a000 	C:\WINDOWS\System32\WS2_32.dll
0x00007ffc13a10000 - 0x00007ffc13a1f000 	D:\Android\Android Sutdio\jre\jre\bin\verify.dll
0x00007ffc139e0000 - 0x00007ffc13a09000 	D:\Android\Android Sutdio\jre\jre\bin\java.dll
0x00007ffc13880000 - 0x00007ffc13896000 	D:\Android\Android Sutdio\jre\jre\bin\zip.dll
0x00007ffc1be30000 - 0x00007ffc1d339000 	C:\WINDOWS\System32\SHELL32.dll
0x00007ffc1a820000 - 0x00007ffc1aefa000 	C:\WINDOWS\System32\windows.storage.dll
0x00007ffc1a4b0000 - 0x00007ffc1a4fc000 	C:\WINDOWS\System32\powrprof.dll
0x00007ffc1b8e0000 - 0x00007ffc1b932000 	C:\WINDOWS\System32\shlwapi.dll
0x00007ffc1a4a0000 - 0x00007ffc1a4af000 	C:\WINDOWS\System32\kernel.appcore.dll
0x00007ffc1a700000 - 0x00007ffc1a7a9000 	C:\WINDOWS\System32\shcore.dll
0x00007ffc1a480000 - 0x00007ffc1a494000 	C:\WINDOWS\System32\profapi.dll
0x00007ffc130a0000 - 0x00007ffc130ba000 	D:\Android\Android Sutdio\jre\jre\bin\net.dll
0x00007ffc19d10000 - 0x00007ffc19d6c000 	C:\WINDOWS\system32\mswsock.dll
0x00007ffc13080000 - 0x00007ffc13091000 	D:\Android\Android Sutdio\jre\jre\bin\nio.dll
0x00007ffc0e830000 - 0x00007ffc0e842000 	C:\Users\º™ƒæ“◊ùç\.gradle\native\19\windows-amd64\native-platform.dll
0x00007ffc19f10000 - 0x00007ffc19f27000 	C:\WINDOWS\SYSTEM32\CRYPTSP.dll
0x00007ffc19910000 - 0x00007ffc19943000 	C:\WINDOWS\system32\rsaenh.dll
0x00007ffc1a3b0000 - 0x00007ffc1a3db000 	C:\WINDOWS\SYSTEM32\bcrypt.dll
0x00007ffc19b90000 - 0x00007ffc19baf000 	C:\WINDOWS\SYSTEM32\USERENV.dll
0x00007ffc19f30000 - 0x00007ffc19f3b000 	C:\WINDOWS\SYSTEM32\CRYPTBASE.dll
0x00007ffc19a90000 - 0x00007ffc19ac8000 	C:\WINDOWS\SYSTEM32\IPHLPAPI.DLL
0x00007ffc1bca0000 - 0x00007ffc1bca8000 	C:\WINDOWS\System32\NSI.dll
0x00007ffc12dc0000 - 0x00007ffc12dd6000 	C:\WINDOWS\SYSTEM32\dhcpcsvc6.DLL
0x00007ffc12da0000 - 0x00007ffc12dba000 	C:\WINDOWS\SYSTEM32\dhcpcsvc.DLL
0x00007ffc13070000 - 0x00007ffc1307d000 	D:\Android\Android Sutdio\jre\jre\bin\management.dll
0x00007ffc0ae70000 - 0x00007ffc0ae94000 	D:\Android\Android Sutdio\jre\jre\bin\sunec.dll
0x00007ffc19ad0000 - 0x00007ffc19b71000 	C:\WINDOWS\SYSTEM32\DNSAPI.dll
0x00007ffc108c0000 - 0x00007ffc108ca000 	C:\Windows\System32\rasadhlp.dll
0x00007ffc12b60000 - 0x00007ffc12bca000 	C:\WINDOWS\System32\fwpuclnt.dll
0x00007ffc189e0000 - 0x00007ffc18a5a000 	C:\WINDOWS\system32\apphelp.dll

VM Arguments:
jvm_args: -Xmx1536m -Dfile.encoding=GBK -Duser.country=CN -Duser.language=zh -Duser.variant 
java_command: org.gradle.launcher.daemon.bootstrap.GradleDaemon 2.14.1
java_class_path (initial): D:\Android\Android Sutdio\gradle\gradle-2.14.1\lib\gradle-launcher-2.14.1.jar
Launcher Type: SUN_STANDARD

Environment Variables:
JAVA_HOME=C:\Program Files (x86)\Java\jdk1.8.0_73
JRE_HOME=C:\Program Files (x86)\Java\jre1.8.0_73
CLASSPATH=C:\Program Files (x86)\Java\jdk1.8.0_73\lib\dt.jar;C:\Program Files (x86)\Java\jdk1.8.0_73\lib\tools.jar;
PATH=C:\Program Files (x86)\Java\jdk1.8.0_73\bin;C:\WINDOWS\system32\config\systemprofile\AppData\Local\Microsoft\WindowsApps;D:\Git\bin;C:\Program Files (x86)\Java\jdk1.8.0_73\jre\bin;C:\Users\º™ƒæ“◊ùç\AppData\Local\Microsoft\WindowsApps;
USERNAME=º™ƒæ“◊ùç
OS=Windows_NT
PROCESSOR_IDENTIFIER=AMD64 Family 22 Model 48 Stepping 1, AuthenticAMD



---------------  S Y S T E M  ---------------

OS: Windows 10.0 , 64 bit Build 14393 (10.0.14393.0)

CPU:total 4 (4 cores per cpu, 1 threads per core) family 22 model 48 stepping 1, cmov, cx8, fxsr, mmx, sse, sse2, sse3, ssse3, sse4.1, sse4.2, popcnt, avx, aes, clmul, mmxext, 3dnowpref, lzcnt, sse4a, tsc, tscinvbit, tscinv, bmi1

Memory: 4k page, physical 3629324k(85768k free), swap 6738188k(8580k free)

vm_info: OpenJDK 64-Bit Server VM (25.76-b03) for windows-amd64 JRE (1.8.0_76-release-b03), built on Jun 29 2016 19:09:20 by "ralucas" with MS VC++ 10.0 (VS2010)

time: Fri Apr 14 17:03:17 2017
elapsed time: 3313 seconds (0d 0h 55m 13s)

